g:\5.1.0比赛版本\gobang2.1.0\gobang2.1.0\x64\debug\evaluate.obj
g:\5.1.0比赛版本\gobang2.1.0\gobang2.1.0\x64\debug\chessplay.obj
g:\5.1.0比赛版本\gobang2.1.0\gobang2.1.0\x64\debug\moc_mainwindow.obj
g:\5.1.0比赛版本\gobang2.1.0\gobang2.1.0\x64\debug\gamethread.obj
g:\5.1.0比赛版本\gobang2.1.0\gobang2.1.0\x64\debug\openfive.obj
g:\5.1.0比赛版本\gobang2.1.0\gobang2.1.0\x64\debug\searchai.obj
g:\5.1.0比赛版本\gobang2.1.0\gobang2.1.0\x64\debug\moc_gamethread.obj
g:\5.1.0比赛版本\gobang2.1.0\gobang2.1.0\x64\debug\judge_win.obj
g:\5.1.0比赛版本\gobang2.1.0\gobang2.1.0\x64\debug\main.obj
g:\5.1.0比赛版本\gobang2.1.0\gobang2.1.0\x64\debug\vcattack.obj
g:\5.1.0比赛版本\gobang2.1.0\gobang2.1.0\x64\debug\moc_chessplay.obj
g:\5.1.0比赛版本\gobang2.1.0\gobang2.1.0\x64\debug\backstageai.obj
g:\5.1.0比赛版本\gobang2.1.0\gobang2.1.0\x64\debug\mainwindow.obj
g:\5.1.0比赛版本\gobang2.1.0\gobang2.1.0\x64\debug\walkinggenerator.obj
g:\5.1.0比赛版本\gobang2.1.0\gobang2.1.0\x64\debug\qrc_resource.obj
g:\5.1.0比赛版本\gobang2.1.0\gobang2.1.0\x64\debug\vc141.pdb
e:\5.1.0比赛版本\gobang2.1.0\gobang2.1.0\x64\debug\evaluate.obj
e:\5.1.0比赛版本\gobang2.1.0\gobang2.1.0\x64\debug\mainwindow.obj
e:\5.1.0比赛版本\gobang2.1.0\gobang2.1.0\x64\debug\walkinggenerator.obj
e:\5.1.0比赛版本\gobang2.1.0\gobang2.1.0\x64\debug\qrc_resource.obj
e:\5.1.0比赛版本\gobang2.1.0\gobang2.1.0\x64\debug\backstageai.obj
e:\5.1.0比赛版本\gobang2.1.0\gobang2.1.0\x64\debug\main.obj
e:\5.1.0比赛版本\gobang2.1.0\gobang2.1.0\x64\debug\searchai.obj
e:\5.1.0比赛版本\gobang2.1.0\gobang2.1.0\x64\debug\moc_gamethread.obj
e:\5.1.0比赛版本\gobang2.1.0\gobang2.1.0\x64\debug\judge_win.obj
e:\5.1.0比赛版本\gobang2.1.0\gobang2.1.0\x64\debug\chessplay.obj
e:\5.1.0比赛版本\gobang2.1.0\gobang2.1.0\x64\debug\moc_chessplay.obj
e:\5.1.0比赛版本\gobang2.1.0\gobang2.1.0\x64\debug\gamethread.obj
e:\5.1.0比赛版本\gobang2.1.0\gobang2.1.0\x64\debug\openfive.obj
e:\5.1.0比赛版本\gobang2.1.0\gobang2.1.0\x64\debug\vcattack.obj
e:\5.1.0比赛版本\gobang2.1.0\gobang2.1.0\x64\debug\moc_mainwindow.obj
e:\5.1.0比赛版本\gobang2.1.0\gobang2.1.0\x64\debug\vc141.pdb
g:\5.1.0比赛版本\gobang2.1.0\gobang2.1.0\generatedfiles\debug\moc_gamethread.cpp
g:\5.1.0比赛版本\gobang2.1.0\gobang2.1.0\generatedfiles\debug\moc_chessplay.cpp
g:\5.1.0比赛版本\gobang2.1.0\gobang2.1.0\generatedfiles\debug\moc_mainwindow.cpp
g:\5.1.0比赛版本\gobang2.1.0\gobang2.1.0\generatedfiles\qrc_resource.cpp
g:\5.1.0比赛版本\gobang2.1.0\gobang2.1.0\generatedfiles\ui_mainwindow.h
g:\5.1.0比赛版本\gobang2.1.0\gobang2.1.0\generatedfiles\ui_chessplay.h
g:\5.1.0比赛版本\gobang2.1.0\x64\debug\gobang2.1.0.ilk
g:\5.1.0比赛版本\gobang2.1.0\x64\debug\gobang2.1.0.exe
g:\5.1.0比赛版本\gobang2.1.0\x64\debug\gobang2.1.0.pdb
e:\5.1.0比赛版本\gobang2.1.0\x64\debug\gobang2.1.0.ilk
e:\5.1.0比赛版本\gobang2.1.0\x64\debug\gobang2.1.0.exe
e:\5.1.0比赛版本\gobang2.1.0\x64\debug\gobang2.1.0.pdb
g:\5.1.0比赛版本\gobang2.1.0\gobang2.1.0\.\generatedfiles\debug\moc_gamethread.cpp
g:\5.1.0比赛版本\gobang2.1.0\gobang2.1.0\.\generatedfiles\debug\moc_chessplay.cpp
g:\5.1.0比赛版本\gobang2.1.0\gobang2.1.0\.\generatedfiles\debug\moc_mainwindow.cpp
g:\5.1.0比赛版本\gobang2.1.0\gobang2.1.0\.\generatedfiles\qrc_resource.cpp
g:\5.1.0比赛版本\gobang2.1.0\gobang2.1.0\.\generatedfiles\ui_mainwindow.h
g:\5.1.0比赛版本\gobang2.1.0\gobang2.1.0\.\generatedfiles\ui_chessplay.h
i:\5.1.0比赛版本\gobang2.1.0\gobang2.1.0\x64\debug\backstageai.obj
i:\5.1.0比赛版本\gobang2.1.0\gobang2.1.0\x64\debug\chessplay.obj
i:\5.1.0比赛版本\gobang2.1.0\gobang2.1.0\x64\debug\evaluate.obj
i:\5.1.0比赛版本\gobang2.1.0\gobang2.1.0\x64\debug\gamethread.obj
i:\5.1.0比赛版本\gobang2.1.0\gobang2.1.0\x64\debug\judge_win.obj
i:\5.1.0比赛版本\gobang2.1.0\gobang2.1.0\x64\debug\main.obj
i:\5.1.0比赛版本\gobang2.1.0\gobang2.1.0\x64\debug\mainwindow.obj
i:\5.1.0比赛版本\gobang2.1.0\gobang2.1.0\x64\debug\moc_chessplay.obj
i:\5.1.0比赛版本\gobang2.1.0\gobang2.1.0\x64\debug\moc_gamethread.obj
i:\5.1.0比赛版本\gobang2.1.0\gobang2.1.0\x64\debug\moc_mainwindow.obj
i:\5.1.0比赛版本\gobang2.1.0\gobang2.1.0\x64\debug\openfive.obj
i:\5.1.0比赛版本\gobang2.1.0\gobang2.1.0\x64\debug\qrc_resource.obj
i:\5.1.0比赛版本\gobang2.1.0\gobang2.1.0\x64\debug\searchai.obj
i:\5.1.0比赛版本\gobang2.1.0\gobang2.1.0\x64\debug\vcattack.obj
i:\5.1.0比赛版本\gobang2.1.0\gobang2.1.0\x64\debug\walkinggenerator.obj
i:\5.1.0比赛版本\gobang2.1.0\gobang2.1.0\x64\debug\vc141.pdb
i:\5.1.0比赛版本\gobang2.1.0\x64\debug\gobang2.1.0.pdb
i:\5.1.0比赛版本\gobang2.1.0\x64\debug\gobang2.1.0.exe
i:\5.1.0比赛版本\gobang2.1.0\x64\debug\gobang2.1.0.ilk
i:\5.1.0比赛版本\gobang2.1.0\gobang2.1.0\x64\debug\gobang2.1.0.tlog\cl.11692.write.1.tlog
i:\5.1.0比赛版本\gobang2.1.0\gobang2.1.0\x64\debug\gobang2.1.0.tlog\cl.command.1.tlog
i:\5.1.0比赛版本\gobang2.1.0\gobang2.1.0\x64\debug\gobang2.1.0.tlog\cl.read.1.tlog
i:\5.1.0比赛版本\gobang2.1.0\gobang2.1.0\x64\debug\gobang2.1.0.tlog\gobang2.1.0.write.1u.tlog
i:\5.1.0比赛版本\gobang2.1.0\gobang2.1.0\x64\debug\gobang2.1.0.tlog\link.command.1.tlog
i:\5.1.0比赛版本\gobang2.1.0\gobang2.1.0\x64\debug\gobang2.1.0.tlog\link.read.1.tlog
i:\5.1.0比赛版本\gobang2.1.0\gobang2.1.0\x64\debug\gobang2.1.0.tlog\link.write.1.tlog
i:\5.1.0比赛版本\gobang2.1.0\gobang2.1.0\x64\debug\gobang2.1.0.tlog\qtmoc.read.1u.tlog
i:\5.1.0比赛版本\gobang2.1.0\gobang2.1.0\x64\debug\gobang2.1.0.tlog\qtmoc.write.1u.tlog
i:\5.1.0比赛版本\gobang2.1.0\gobang2.1.0\x64\debug\gobang2.1.0.tlog\qtrcc.read.1u.tlog
i:\5.1.0比赛版本\gobang2.1.0\gobang2.1.0\x64\debug\gobang2.1.0.tlog\qtrcc.write.1u.tlog
i:\5.1.0比赛版本\gobang2.1.0\gobang2.1.0\x64\debug\gobang2.1.0.tlog\qtuic.read.1u.tlog
i:\5.1.0比赛版本\gobang2.1.0\gobang2.1.0\x64\debug\gobang2.1.0.tlog\qtuic.write.1u.tlog
